TN:
SF:prisma/factories/recommendationFactory.ts
FN:4,recommendationFactory
FNF:1
FNH:1
FNDA:22,recommendationFactory
DA:1,5
DA:5,22
DA:11,5
LF:3
LH:3
BRF:0
BRH:0
end_of_record
TN:
SF:src/app.ts
FNF:0
FNH:0
DA:1,5
DA:2,5
DA:3,5
DA:4,5
DA:5,5
DA:7,5
DA:8,5
DA:9,5
DA:11,5
DA:12,5
DA:14,5
LF:11
LH:11
BRF:0
BRH:0
end_of_record
TN:
SF:src/database.ts
FNF:0
FNH:0
DA:1,5
DA:3,5
DA:4,5
LF:3
LH:3
BRF:0
BRH:0
end_of_record
TN:
SF:src/controllers/recommendationController.ts
FN:6,insert
FN:17,upvote
FN:25,downvote
FN:33,random
FN:39,get
FN:44,getTop
FN:51,getById
FNF:7
FNH:6
FNDA:4,insert
FNDA:1,upvote
FNDA:2,downvote
FNDA:101,random
FNDA:3,get
FNDA:0,getTop
FNDA:2,getById
DA:2,5
DA:3,5
DA:4,5
DA:7,4
DA:8,4
DA:9,3
DA:12,1
DA:14,1
DA:18,1
DA:20,1
DA:22,1
DA:26,2
DA:28,2
DA:30,2
DA:34,101
DA:36,100
DA:40,3
DA:41,3
DA:45,0
DA:47,0
DA:48,0
DA:52,2
DA:54,2
DA:55,1
DA:58,5
LF:25
LH:22
BRDA:8,0,0,3
BRF:1
BRH:1
end_of_record
TN:
SF:src/middlewares/errorHandlerMiddleware.ts
FN:8,errorHandlerMiddleware
FNF:1
FNH:1
FNDA:5,errorHandlerMiddleware
DA:2,5
DA:8,5
DA:14,5
DA:16,5
DA:17,5
DA:20,0
LF:6
LH:5
BRDA:16,0,0,5
BRF:1
BRH:1
end_of_record
TN:
SF:src/repositories/recommendationRepository.ts
FN:5,create
FN:16,findAll
FN:26,getAmountByScore
FN:33,getFindAllFilter
FN:45,find
FN:51,findByName
FN:57,updateScore
FN:66,remove
FNF:8
FNH:6
FNDA:1,create
FNDA:105,findAll
FNDA:0,getAmountByScore
FNDA:105,getFindAllFilter
FNDA:5,find
FNDA:1,findByName
FNDA:3,updateScore
FNDA:0,remove
DA:2,5
DA:6,1
DA:17,105
DA:19,105
DA:27,0
DA:36,105
DA:38,101
DA:40,101
DA:46,5
DA:52,1
DA:58,3
DA:67,0
DA:72,5
LF:13
LH:11
BRDA:36,0,0,4
BRF:1
BRH:1
end_of_record
TN:
SF:src/routers/recommendationRouter.ts
FNF:0
FNH:0
DA:1,5
DA:2,5
DA:4,5
DA:6,5
DA:7,5
DA:8,5
DA:9,5
DA:10,5
DA:11,5
DA:12,5
DA:14,5
LF:11
LH:11
BRF:0
BRH:0
end_of_record
TN:
SF:src/schemas/recommendationsSchemas.ts
FNF:0
FNH:0
DA:1,5
DA:4,5
DA:6,5
LF:3
LH:3
BRF:0
BRH:0
end_of_record
TN:
SF:src/services/recommendationsService.ts
FN:7,insert
FN:17,upvote
FN:23,downvote
FN:36,getByIdOrFail
FN:43,get
FN:47,getTop
FN:51,getRandom
FN:64,getByScore
FN:77,getScoreFilter
FNF:9
FNH:8
FNDA:1,insert
FNDA:1,upvote
FNDA:2,downvote
FNDA:5,getByIdOrFail
FNDA:3,get
FNDA:0,getTop
FNDA:101,getRandom
FNDA:101,getByScore
FNDA:101,getScoreFilter
DA:2,5
DA:3,5
DA:8,1
DA:11,1
DA:12,0
DA:14,1
DA:18,1
DA:20,1
DA:24,2
DA:26,2
DA:31,2
DA:32,0
DA:37,5
DA:38,5
DA:40,4
DA:44,3
DA:48,0
DA:52,101
DA:53,101
DA:55,101
DA:56,101
DA:57,1
DA:60,100
DA:61,100
DA:65,101
DA:70,101
DA:71,100
DA:74,1
DA:78,101
DA:79,67
DA:82,34
DA:85,5
LF:32
LH:29
BRDA:11,0,0,0
BRDA:31,1,0,0
BRDA:38,2,0,1
BRDA:56,3,0,1
BRDA:70,4,0,100
BRDA:78,5,0,67
BRF:6
BRH:4
end_of_record
TN:
SF:src/utils/errorUtils.ts
FN:7,isAppError
FN:11,errorTypeToStatusCode
FN:19,conflictError
FN:23,notFoundError
FN:27,unauthorizedError
FN:31,wrongSchemaError
FNF:6
FNH:4
FNDA:5,isAppError
FNDA:5,errorTypeToStatusCode
FNDA:0,conflictError
FNDA:2,notFoundError
FNDA:0,unauthorizedError
FNDA:3,wrongSchemaError
DA:7,5
DA:8,5
DA:11,5
DA:12,5
DA:13,5
DA:14,3
DA:15,3
DA:16,0
DA:19,5
DA:20,0
DA:23,5
DA:24,2
DA:27,5
DA:28,0
DA:31,5
DA:32,3
LF:16
LH:13
BRDA:12,0,0,0
BRDA:13,1,0,2
BRDA:14,2,0,0
BRDA:15,3,0,3
BRDA:20,4,0,0
BRDA:20,4,1,0
BRDA:20,5,0,0
BRDA:20,5,1,0
BRDA:24,6,0,0
BRDA:24,6,1,2
BRDA:24,7,0,2
BRDA:24,7,1,2
BRDA:28,8,0,0
BRDA:28,8,1,0
BRDA:28,9,0,0
BRDA:28,9,1,0
BRDA:32,10,0,0
BRDA:32,10,1,3
BRDA:32,11,0,3
BRDA:32,11,1,3
BRF:20
BRH:8
end_of_record
